<?xml version="1.0" encoding="UTF-8"?>
<testsuite xmlns:xsi="http://www.w3.org/2001/XMLSchema-instance" xsi:schemaLocation="https://maven.apache.org/surefire/maven-surefire-plugin/xsd/surefire-test-report.xsd" name="TestSuite" time="237.534" tests="174" errors="0" skipped="0" failures="0">
  <properties>
    <property name="java.runtime.name" value="Java(TM) SE Runtime Environment"/>
    <property name="sun.boot.library.path" value="/Library/Java/JavaVirtualMachines/jdk1.8.0_112.jdk/Contents/Home/jre/lib"/>
    <property name="java.vm.version" value="25.112-b16"/>
    <property name="user.country.format" value="IN"/>
    <property name="gopherProxySet" value="false"/>
    <property name="java.vm.vendor" value="Oracle Corporation"/>
    <property name="maven.multiModuleProjectDirectory" value="/Users/shaileshkumarmishra/Documents/workspace/O4S_QA_Assignment"/>
    <property name="java.vendor.url" value="http://java.oracle.com/"/>
    <property name="path.separator" value=":"/>
    <property name="guice.disable.misplaced.annotation.check" value="true"/>
    <property name="java.vm.name" value="Java HotSpot(TM) 64-Bit Server VM"/>
    <property name="file.encoding.pkg" value="sun.io"/>
    <property name="user.country" value="US"/>
    <property name="sun.java.launcher" value="SUN_STANDARD"/>
    <property name="sun.os.patch.level" value="unknown"/>
    <property name="java.vm.specification.name" value="Java Virtual Machine Specification"/>
    <property name="user.dir" value="/Users/shaileshkumarmishra/Documents/workspace/O4S_QA_Assignment"/>
    <property name="java.runtime.version" value="1.8.0_112-b16"/>
    <property name="java.awt.graphicsenv" value="sun.awt.CGraphicsEnvironment"/>
    <property name="java.endorsed.dirs" value="/Library/Java/JavaVirtualMachines/jdk1.8.0_112.jdk/Contents/Home/jre/lib/endorsed"/>
    <property name="os.arch" value="x86_64"/>
    <property name="java.io.tmpdir" value="/var/folders/pt/rb0s05815z54pr07z62khxd80000gn/T/"/>
    <property name="line.separator" value="&#10;"/>
    <property name="java.vm.specification.vendor" value="Oracle Corporation"/>
    <property name="os.name" value="Mac OS X"/>
    <property name="classworlds.conf" value="/Applications/apache-maven-3.6.3/bin/m2.conf"/>
    <property name="sun.jnu.encoding" value="UTF-8"/>
    <property name="java.library.path" value="/Users/shaileshkumarmishra/Library/Java/Extensions:/Library/Java/Extensions:/Network/Library/Java/Extensions:/System/Library/Java/Extensions:/usr/lib/java:."/>
    <property name="maven.conf" value="/Applications/apache-maven-3.6.3/conf"/>
    <property name="java.specification.name" value="Java Platform API Specification"/>
    <property name="java.class.version" value="52.0"/>
    <property name="sun.management.compiler" value="HotSpot 64-Bit Tiered Compilers"/>
    <property name="os.version" value="10.14.6"/>
    <property name="library.jansi.path" value="/Applications/apache-maven-3.6.3/lib/jansi-native"/>
    <property name="http.nonProxyHosts" value="local|*.local|169.254/16|*.169.254/16"/>
    <property name="user.home" value="/Users/shaileshkumarmishra"/>
    <property name="user.timezone" value="Asia/Kolkata"/>
    <property name="java.awt.printerjob" value="sun.lwawt.macosx.CPrinterJob"/>
    <property name="java.specification.version" value="1.8"/>
    <property name="file.encoding" value="UTF-8"/>
    <property name="user.name" value="shaileshkumarmishra"/>
    <property name="java.class.path" value="/Applications/apache-maven-3.6.3/boot/plexus-classworlds-2.6.0.jar"/>
    <property name="java.vm.specification.version" value="1.8"/>
    <property name="sun.arch.data.model" value="64"/>
    <property name="java.home" value="/Library/Java/JavaVirtualMachines/jdk1.8.0_112.jdk/Contents/Home/jre"/>
    <property name="sun.java.command" value="org.codehaus.plexus.classworlds.launcher.Launcher clean install"/>
    <property name="java.specification.vendor" value="Oracle Corporation"/>
    <property name="user.language" value="en"/>
    <property name="awt.toolkit" value="sun.lwawt.macosx.LWCToolkit"/>
    <property name="java.vm.info" value="mixed mode"/>
    <property name="java.version" value="1.8.0_112"/>
    <property name="java.ext.dirs" value="/Users/shaileshkumarmishra/Library/Java/Extensions:/Library/Java/JavaVirtualMachines/jdk1.8.0_112.jdk/Contents/Home/jre/lib/ext:/Library/Java/Extensions:/Network/Library/Java/Extensions:/System/Library/Java/Extensions:/usr/lib/java"/>
    <property name="sun.boot.class.path" value="/Library/Java/JavaVirtualMachines/jdk1.8.0_112.jdk/Contents/Home/jre/lib/resources.jar:/Library/Java/JavaVirtualMachines/jdk1.8.0_112.jdk/Contents/Home/jre/lib/rt.jar:/Library/Java/JavaVirtualMachines/jdk1.8.0_112.jdk/Contents/Home/jre/lib/sunrsasign.jar:/Library/Java/JavaVirtualMachines/jdk1.8.0_112.jdk/Contents/Home/jre/lib/jsse.jar:/Library/Java/JavaVirtualMachines/jdk1.8.0_112.jdk/Contents/Home/jre/lib/jce.jar:/Library/Java/JavaVirtualMachines/jdk1.8.0_112.jdk/Contents/Home/jre/lib/charsets.jar:/Library/Java/JavaVirtualMachines/jdk1.8.0_112.jdk/Contents/Home/jre/lib/jfr.jar:/Library/Java/JavaVirtualMachines/jdk1.8.0_112.jdk/Contents/Home/jre/classes"/>
    <property name="java.vendor" value="Oracle Corporation"/>
    <property name="maven.home" value="/Applications/apache-maven-3.6.3"/>
    <property name="file.separator" value="/"/>
    <property name="java.vendor.url.bug" value="http://bugreport.sun.com/bugreport/"/>
    <property name="sun.cpu.endian" value="little"/>
    <property name="sun.io.unicode.encoding" value="UnicodeBig"/>
    <property name="socksNonProxyHosts" value="local|*.local|169.254/16|*.169.254/16"/>
    <property name="ftp.nonProxyHosts" value="local|*.local|169.254/16|*.169.254/16"/>
    <property name="sun.cpu.isalist" value=""/>
  </properties>
  <testcase name="checkContentLength" classname="com.heroes.testCases.TC_001_CheckGetAllHeroDetails" time="0.003"/>
  <testcase name="checkContentType" classname="com.heroes.testCases.TC_001_CheckGetAllHeroDetails" time="0"/>
  <testcase name="checkResponseTime" classname="com.heroes.testCases.TC_001_CheckGetAllHeroDetails" time="0.001"/>
  <testcase name="checkResposeBody" classname="com.heroes.testCases.TC_001_CheckGetAllHeroDetails" time="0.002"/>
  <testcase name="checkStatusCode" classname="com.heroes.testCases.TC_001_CheckGetAllHeroDetails" time="0"/>
  <testcase name="checkstatusLine" classname="com.heroes.testCases.TC_001_CheckGetAllHeroDetails" time="0.002"/>
  <testcase name="checkContentLength" classname="com.heroes.testCases.TC_002_CheckGetSingleHero" time="0"/>
  <testcase name="checkContentType" classname="com.heroes.testCases.TC_002_CheckGetSingleHero" time="0"/>
  <testcase name="checkResponseTime" classname="com.heroes.testCases.TC_002_CheckGetSingleHero" time="0"/>
  <testcase name="checkResposeBody" classname="com.heroes.testCases.TC_002_CheckGetSingleHero" time="0.001"/>
  <testcase name="checkStatusCode" classname="com.heroes.testCases.TC_002_CheckGetSingleHero" time="0"/>
  <testcase name="checkstatusLine" classname="com.heroes.testCases.TC_002_CheckGetSingleHero" time="0"/>
  <testcase name="checkContentLength" classname="com.heroes.testCases.TC_003_CheckPostAHeroToFight" time="0"/>
  <testcase name="checkContentType" classname="com.heroes.testCases.TC_003_CheckPostAHeroToFight" time="0"/>
  <testcase name="checkResponseTime" classname="com.heroes.testCases.TC_003_CheckPostAHeroToFight" time="0"/>
  <testcase name="checkResposeBody" classname="com.heroes.testCases.TC_003_CheckPostAHeroToFight" time="0.001"/>
  <testcase name="checkStatusCode" classname="com.heroes.testCases.TC_003_CheckPostAHeroToFight" time="0"/>
  <testcase name="checkstatusLine" classname="com.heroes.testCases.TC_003_CheckPostAHeroToFight" time="0"/>
  <testcase name="checkContentLength" classname="com.heroes.testCases.TC_004_CheckPostSecondHeroToFight" time="0"/>
  <testcase name="checkContentType" classname="com.heroes.testCases.TC_004_CheckPostSecondHeroToFight" time="0"/>
  <testcase name="checkResponseTime" classname="com.heroes.testCases.TC_004_CheckPostSecondHeroToFight" time="0"/>
  <testcase name="checkResposeBody" classname="com.heroes.testCases.TC_004_CheckPostSecondHeroToFight" time="0.001"/>
  <testcase name="checkStatusCode" classname="com.heroes.testCases.TC_004_CheckPostSecondHeroToFight" time="0"/>
  <testcase name="checkstatusLine" classname="com.heroes.testCases.TC_004_CheckPostSecondHeroToFight" time="0"/>
  <testcase name="checkContentLength" classname="com.heroes.testCases.TC_005_CheckPostRequestMakeThemFight" time="0"/>
  <testcase name="checkContentType" classname="com.heroes.testCases.TC_005_CheckPostRequestMakeThemFight" time="0"/>
  <testcase name="checkResponseTime" classname="com.heroes.testCases.TC_005_CheckPostRequestMakeThemFight" time="0"/>
  <testcase name="checkResposeBody" classname="com.heroes.testCases.TC_005_CheckPostRequestMakeThemFight" time="0.002"/>
  <testcase name="checkStatusCode" classname="com.heroes.testCases.TC_005_CheckPostRequestMakeThemFight" time="0"/>
  <testcase name="checkstatusLine" classname="com.heroes.testCases.TC_005_CheckPostRequestMakeThemFight" time="0"/>
  <testcase name="checkContentLength" classname="com.heroes.testCases.TC_006_CheckDeleteResetFight" time="0"/>
  <testcase name="checkContentType" classname="com.heroes.testCases.TC_006_CheckDeleteResetFight" time="0.001"/>
  <testcase name="checkResponseTime" classname="com.heroes.testCases.TC_006_CheckDeleteResetFight" time="0"/>
  <testcase name="checkResposeBody" classname="com.heroes.testCases.TC_006_CheckDeleteResetFight" time="0.001"/>
  <testcase name="checkStatusCode" classname="com.heroes.testCases.TC_006_CheckDeleteResetFight" time="0"/>
  <testcase name="checkstatusLine" classname="com.heroes.testCases.TC_006_CheckDeleteResetFight" time="0"/>
  <testcase name="checkContentLength" classname="com.heroes.testCases.TC_007_CheckFightWithoutAddingHeroes" time="0"/>
  <testcase name="checkContentType" classname="com.heroes.testCases.TC_007_CheckFightWithoutAddingHeroes" time="0"/>
  <testcase name="checkResponseTime" classname="com.heroes.testCases.TC_007_CheckFightWithoutAddingHeroes" time="0"/>
  <testcase name="checkResposeBody" classname="com.heroes.testCases.TC_007_CheckFightWithoutAddingHeroes" time="0.001"/>
  <testcase name="checkStatusCode" classname="com.heroes.testCases.TC_007_CheckFightWithoutAddingHeroes" time="0"/>
  <testcase name="checkstatusLine" classname="com.heroes.testCases.TC_007_CheckFightWithoutAddingHeroes" time="0.003"/>
  <testcase name="checkContentLength" classname="com.heroes.testCases.TC_008_CheckFightWithAddingOneHero" time="0"/>
  <testcase name="checkContentType" classname="com.heroes.testCases.TC_008_CheckFightWithAddingOneHero" time="0"/>
  <testcase name="checkResponseTime" classname="com.heroes.testCases.TC_008_CheckFightWithAddingOneHero" time="0"/>
  <testcase name="checkResposeBody" classname="com.heroes.testCases.TC_008_CheckFightWithAddingOneHero" time="0"/>
  <testcase name="checkStatusCode" classname="com.heroes.testCases.TC_008_CheckFightWithAddingOneHero" time="0"/>
  <testcase name="checkstatusLine" classname="com.heroes.testCases.TC_008_CheckFightWithAddingOneHero" time="0"/>
  <testcase name="checkContentLength" classname="com.heroes.testCases.TC_009_CheckAddingThreeHeroes" time="0"/>
  <testcase name="checkContentType" classname="com.heroes.testCases.TC_009_CheckAddingThreeHeroes" time="0"/>
  <testcase name="checkResponseTime" classname="com.heroes.testCases.TC_009_CheckAddingThreeHeroes" time="0"/>
  <testcase name="checkResposeBody" classname="com.heroes.testCases.TC_009_CheckAddingThreeHeroes" time="0.001"/>
  <testcase name="checkStatusCode" classname="com.heroes.testCases.TC_009_CheckAddingThreeHeroes" time="0"/>
  <testcase name="checkstatusLine" classname="com.heroes.testCases.TC_009_CheckAddingThreeHeroes" time="0"/>
  <testcase name="checkContentLength" classname="com.heroes.testCases.TC_010_CheckAddingSameHeroTwice" time="0"/>
  <testcase name="checkContentType" classname="com.heroes.testCases.TC_010_CheckAddingSameHeroTwice" time="0"/>
  <testcase name="checkResponseTime" classname="com.heroes.testCases.TC_010_CheckAddingSameHeroTwice" time="0"/>
  <testcase name="checkResposeBody" classname="com.heroes.testCases.TC_010_CheckAddingSameHeroTwice" time="0.001"/>
  <testcase name="checkStatusCode" classname="com.heroes.testCases.TC_010_CheckAddingSameHeroTwice" time="0"/>
  <testcase name="checkstatusLine" classname="com.heroes.testCases.TC_010_CheckAddingSameHeroTwice" time="0"/>
  <testcase name="checkContentLength" classname="com.heroes.testCases.TC_011_CheckAddingTwoHeroInASCPowerLevel" time="0.002"/>
  <testcase name="checkContentType" classname="com.heroes.testCases.TC_011_CheckAddingTwoHeroInASCPowerLevel" time="0.001"/>
  <testcase name="checkResponseTime" classname="com.heroes.testCases.TC_011_CheckAddingTwoHeroInASCPowerLevel" time="0"/>
  <testcase name="checkResposeBody" classname="com.heroes.testCases.TC_011_CheckAddingTwoHeroInASCPowerLevel" time="0.001"/>
  <testcase name="checkStatusCode" classname="com.heroes.testCases.TC_011_CheckAddingTwoHeroInASCPowerLevel" time="0"/>
  <testcase name="checkstatusLine" classname="com.heroes.testCases.TC_011_CheckAddingTwoHeroInASCPowerLevel" time="0"/>
  <testcase name="checkContentLength" classname="com.heroes.testCases.TC_012_CheckAddingTwoHeroInDescPowerLevel" time="0"/>
  <testcase name="checkContentType" classname="com.heroes.testCases.TC_012_CheckAddingTwoHeroInDescPowerLevel" time="0"/>
  <testcase name="checkResponseTime" classname="com.heroes.testCases.TC_012_CheckAddingTwoHeroInDescPowerLevel" time="0"/>
  <testcase name="checkResposeBody" classname="com.heroes.testCases.TC_012_CheckAddingTwoHeroInDescPowerLevel" time="0.001"/>
  <testcase name="checkStatusCode" classname="com.heroes.testCases.TC_012_CheckAddingTwoHeroInDescPowerLevel" time="0.001"/>
  <testcase name="checkstatusLine" classname="com.heroes.testCases.TC_012_CheckAddingTwoHeroInDescPowerLevel" time="0"/>
  <testcase name="checkContentLength" classname="com.heroes.testCases.TC_013_CheckAddingTwoHeroesInRandomPowerLevel" time="0"/>
  <testcase name="checkContentType" classname="com.heroes.testCases.TC_013_CheckAddingTwoHeroesInRandomPowerLevel" time="0"/>
  <testcase name="checkResponseTime" classname="com.heroes.testCases.TC_013_CheckAddingTwoHeroesInRandomPowerLevel" time="0.002"/>
  <testcase name="checkResposeBody" classname="com.heroes.testCases.TC_013_CheckAddingTwoHeroesInRandomPowerLevel" time="0.001"/>
  <testcase name="checkStatusCode" classname="com.heroes.testCases.TC_013_CheckAddingTwoHeroesInRandomPowerLevel" time="0"/>
  <testcase name="checkstatusLine" classname="com.heroes.testCases.TC_013_CheckAddingTwoHeroesInRandomPowerLevel" time="0"/>
  <testcase name="checkContentLength" classname="com.heroes.testCases.TC_014_CheckAddingThreeHeroesInAscOrderPowerLevel" time="0"/>
  <testcase name="checkContentType" classname="com.heroes.testCases.TC_014_CheckAddingThreeHeroesInAscOrderPowerLevel" time="0"/>
  <testcase name="checkResponseTime" classname="com.heroes.testCases.TC_014_CheckAddingThreeHeroesInAscOrderPowerLevel" time="0"/>
  <testcase name="checkResposeBody" classname="com.heroes.testCases.TC_014_CheckAddingThreeHeroesInAscOrderPowerLevel" time="0"/>
  <testcase name="checkStatusCode" classname="com.heroes.testCases.TC_014_CheckAddingThreeHeroesInAscOrderPowerLevel" time="0"/>
  <testcase name="checkstatusLine" classname="com.heroes.testCases.TC_014_CheckAddingThreeHeroesInAscOrderPowerLevel" time="0"/>
  <testcase name="checkContentLength" classname="com.heroes.testCases.TC_015_CheckAddingThreeHeroesInDescPowerLevel" time="0.001"/>
  <testcase name="checkContentType" classname="com.heroes.testCases.TC_015_CheckAddingThreeHeroesInDescPowerLevel" time="0"/>
  <testcase name="checkResponseTime" classname="com.heroes.testCases.TC_015_CheckAddingThreeHeroesInDescPowerLevel" time="0"/>
  <testcase name="checkResposeBody" classname="com.heroes.testCases.TC_015_CheckAddingThreeHeroesInDescPowerLevel" time="0.001"/>
  <testcase name="checkStatusCode" classname="com.heroes.testCases.TC_015_CheckAddingThreeHeroesInDescPowerLevel" time="0.001"/>
  <testcase name="checkstatusLine" classname="com.heroes.testCases.TC_015_CheckAddingThreeHeroesInDescPowerLevel" time="0"/>
  <testcase name="checkContentLength" classname="com.heroes.testCases.TC_016_CheckAddingThreeHeroesInRandomPowerLevel" time="0"/>
  <testcase name="checkContentType" classname="com.heroes.testCases.TC_016_CheckAddingThreeHeroesInRandomPowerLevel" time="0"/>
  <testcase name="checkResponseTime" classname="com.heroes.testCases.TC_016_CheckAddingThreeHeroesInRandomPowerLevel" time="0"/>
  <testcase name="checkResposeBody" classname="com.heroes.testCases.TC_016_CheckAddingThreeHeroesInRandomPowerLevel" time="0"/>
  <testcase name="checkStatusCode" classname="com.heroes.testCases.TC_016_CheckAddingThreeHeroesInRandomPowerLevel" time="0"/>
  <testcase name="checkstatusLine" classname="com.heroes.testCases.TC_016_CheckAddingThreeHeroesInRandomPowerLevel" time="0.001"/>
  <testcase name="checkContentLength" classname="com.heroes.testCases.TC_017_CheckAddingFourHeroes" time="0.003"/>
  <testcase name="checkContentType" classname="com.heroes.testCases.TC_017_CheckAddingFourHeroes" time="0"/>
  <testcase name="checkResponseTime" classname="com.heroes.testCases.TC_017_CheckAddingFourHeroes" time="0"/>
  <testcase name="checkResposeBody" classname="com.heroes.testCases.TC_017_CheckAddingFourHeroes" time="0.001"/>
  <testcase name="checkStatusCode" classname="com.heroes.testCases.TC_017_CheckAddingFourHeroes" time="0"/>
  <testcase name="checkstatusLine" classname="com.heroes.testCases.TC_017_CheckAddingFourHeroes" time="0"/>
  <testcase name="checkContentLength" classname="com.heroes.testCases.TC_018_CheckAddingSameHeroAlternatively" time="0"/>
  <testcase name="checkContentType" classname="com.heroes.testCases.TC_018_CheckAddingSameHeroAlternatively" time="0"/>
  <testcase name="checkResponseTime" classname="com.heroes.testCases.TC_018_CheckAddingSameHeroAlternatively" time="0"/>
  <testcase name="checkResposeBody" classname="com.heroes.testCases.TC_018_CheckAddingSameHeroAlternatively" time="0"/>
  <testcase name="checkStatusCode" classname="com.heroes.testCases.TC_018_CheckAddingSameHeroAlternatively" time="0"/>
  <testcase name="checkstatusLine" classname="com.heroes.testCases.TC_018_CheckAddingSameHeroAlternatively" time="0"/>
  <testcase name="checkContentLength" classname="com.heroes.testCases.TC_019_CheckFightbetweenTwoResultHigherpowerlevelWins" time="0"/>
  <testcase name="checkContentType" classname="com.heroes.testCases.TC_019_CheckFightbetweenTwoResultHigherpowerlevelWins" time="0"/>
  <testcase name="checkResponseTime" classname="com.heroes.testCases.TC_019_CheckFightbetweenTwoResultHigherpowerlevelWins" time="0"/>
  <testcase name="checkResposeBody" classname="com.heroes.testCases.TC_019_CheckFightbetweenTwoResultHigherpowerlevelWins" time="0.002"/>
  <testcase name="checkStatusCode" classname="com.heroes.testCases.TC_019_CheckFightbetweenTwoResultHigherpowerlevelWins" time="0"/>
  <testcase name="checkstatusLine" classname="com.heroes.testCases.TC_019_CheckFightbetweenTwoResultHigherpowerlevelWins" time="0"/>
  <testcase name="checkContentLength" classname="com.heroes.testCases.TC_020_CheckGetMethodforIncorrectID" time="0"/>
  <testcase name="checkResponseTime" classname="com.heroes.testCases.TC_020_CheckGetMethodforIncorrectID" time="0.001"/>
  <testcase name="checkResposeBody" classname="com.heroes.testCases.TC_020_CheckGetMethodforIncorrectID" time="0.003"/>
  <testcase name="checkStatusCode" classname="com.heroes.testCases.TC_020_CheckGetMethodforIncorrectID" time="0.001"/>
  <testcase name="checkstatusLine" classname="com.heroes.testCases.TC_020_CheckGetMethodforIncorrectID" time="0"/>
  <testcase name="checkContentLength" classname="com.heroes.testCases.TC_021_CheckPostforInvaildNotinList" time="0"/>
  <testcase name="checkContentType" classname="com.heroes.testCases.TC_021_CheckPostforInvaildNotinList" time="0"/>
  <testcase name="checkResponseTime" classname="com.heroes.testCases.TC_021_CheckPostforInvaildNotinList" time="0"/>
  <testcase name="checkResposeBody" classname="com.heroes.testCases.TC_021_CheckPostforInvaildNotinList" time="0"/>
  <testcase name="checkStatusCode" classname="com.heroes.testCases.TC_021_CheckPostforInvaildNotinList" time="0"/>
  <testcase name="checkstatusLine" classname="com.heroes.testCases.TC_021_CheckPostforInvaildNotinList" time="0"/>
  <testcase name="checkContentLength" classname="com.heroes.testCases.TC_022_CheckGetRequestWithExtraspace" time="0"/>
  <testcase name="checkContentType" classname="com.heroes.testCases.TC_022_CheckGetRequestWithExtraspace" time="0.001"/>
  <testcase name="checkResponseTime" classname="com.heroes.testCases.TC_022_CheckGetRequestWithExtraspace" time="0.007"/>
  <testcase name="checkResposeBody" classname="com.heroes.testCases.TC_022_CheckGetRequestWithExtraspace" time="0.009"/>
  <testcase name="checkStatusCode" classname="com.heroes.testCases.TC_022_CheckGetRequestWithExtraspace" time="0"/>
  <testcase name="checkstatusLine" classname="com.heroes.testCases.TC_022_CheckGetRequestWithExtraspace" time="0"/>
  <testcase name="checkContentLength" classname="com.heroes.testCases.TC_023_CheckPostRequestWithvalidWithSpace" time="0"/>
  <testcase name="checkContentType" classname="com.heroes.testCases.TC_023_CheckPostRequestWithvalidWithSpace" time="0"/>
  <testcase name="checkResponseTime" classname="com.heroes.testCases.TC_023_CheckPostRequestWithvalidWithSpace" time="0"/>
  <testcase name="checkResposeBody" classname="com.heroes.testCases.TC_023_CheckPostRequestWithvalidWithSpace" time="0"/>
  <testcase name="checkStatusCode" classname="com.heroes.testCases.TC_023_CheckPostRequestWithvalidWithSpace" time="0"/>
  <testcase name="checkstatusLine" classname="com.heroes.testCases.TC_023_CheckPostRequestWithvalidWithSpace" time="0.001"/>
  <testcase name="checkContentLength" classname="com.heroes.testCases.TC_024_CheckSuccessMessageAfterAddingTwoHeroes" time="0"/>
  <testcase name="checkContentType" classname="com.heroes.testCases.TC_024_CheckSuccessMessageAfterAddingTwoHeroes" time="0"/>
  <testcase name="checkResponseTime" classname="com.heroes.testCases.TC_024_CheckSuccessMessageAfterAddingTwoHeroes" time="0"/>
  <testcase name="checkResposeBody" classname="com.heroes.testCases.TC_024_CheckSuccessMessageAfterAddingTwoHeroes" time="0.003"/>
  <testcase name="checkStatusCode" classname="com.heroes.testCases.TC_024_CheckSuccessMessageAfterAddingTwoHeroes" time="0"/>
  <testcase name="checkstatusLine" classname="com.heroes.testCases.TC_024_CheckSuccessMessageAfterAddingTwoHeroes" time="0"/>
  <testcase name="checkContentLength" classname="com.heroes.testCases.TC_025_CheckSuccessMessageAfterAddingThreeHeroes" time="0"/>
  <testcase name="checkResponseTime" classname="com.heroes.testCases.TC_025_CheckSuccessMessageAfterAddingThreeHeroes" time="0"/>
  <testcase name="checkResposeBody" classname="com.heroes.testCases.TC_025_CheckSuccessMessageAfterAddingThreeHeroes" time="0.001"/>
  <testcase name="checkStatusCode" classname="com.heroes.testCases.TC_025_CheckSuccessMessageAfterAddingThreeHeroes" time="0"/>
  <testcase name="checkstatusLine" classname="com.heroes.testCases.TC_025_CheckSuccessMessageAfterAddingThreeHeroes" time="0"/>
  <testcase name="checkResposeBody" classname="com.heroes.testCases.TC_026_CheckAuthenticationFailureWithInvalidToken" time="0"/>
  <testcase name="checkStatusCode" classname="com.heroes.testCases.TC_026_CheckAuthenticationFailureWithInvalidToken" time="0"/>
  <testcase name="checkstatusLine" classname="com.heroes.testCases.TC_026_CheckAuthenticationFailureWithInvalidToken" time="0"/>
  <testcase name="checkContentLength" classname="com.heroes.testCases.TC_027_CheckTokenAuthenticationValid" time="0.001"/>
  <testcase name="checkContentType" classname="com.heroes.testCases.TC_027_CheckTokenAuthenticationValid" time="0.001"/>
  <testcase name="checkResponseTime" classname="com.heroes.testCases.TC_027_CheckTokenAuthenticationValid" time="0"/>
  <testcase name="checkResposeBody" classname="com.heroes.testCases.TC_027_CheckTokenAuthenticationValid" time="0"/>
  <testcase name="checkStatusCode" classname="com.heroes.testCases.TC_027_CheckTokenAuthenticationValid" time="0"/>
  <testcase name="checkstatusLine" classname="com.heroes.testCases.TC_027_CheckTokenAuthenticationValid" time="0"/>
  <testcase name="checkContentLength" classname="com.heroes.testCases.TC_029_CheckFIghtBetweemThreeHeroesInASCPowerLevel" time="0"/>
  <testcase name="checkContentType" classname="com.heroes.testCases.TC_029_CheckFIghtBetweemThreeHeroesInASCPowerLevel" time="0"/>
  <testcase name="checkResponseTime" classname="com.heroes.testCases.TC_029_CheckFIghtBetweemThreeHeroesInASCPowerLevel" time="0"/>
  <testcase name="checkResposeBody" classname="com.heroes.testCases.TC_029_CheckFIghtBetweemThreeHeroesInASCPowerLevel" time="0.001"/>
  <testcase name="checkStatusCode" classname="com.heroes.testCases.TC_029_CheckFIghtBetweemThreeHeroesInASCPowerLevel" time="0"/>
  <testcase name="checkstatusLine" classname="com.heroes.testCases.TC_029_CheckFIghtBetweemThreeHeroesInASCPowerLevel" time="0"/>
  <testcase name="checkContentLength" classname="com.heroes.testCases.TC_032_CheckGetRequestwithValidIDaddedWithNumber" time="0"/>
  <testcase name="checkResponseTime" classname="com.heroes.testCases.TC_032_CheckGetRequestwithValidIDaddedWithNumber" time="0"/>
  <testcase name="checkResposeBody" classname="com.heroes.testCases.TC_032_CheckGetRequestwithValidIDaddedWithNumber" time="0"/>
  <testcase name="checkStatusCode" classname="com.heroes.testCases.TC_032_CheckGetRequestwithValidIDaddedWithNumber" time="0"/>
  <testcase name="checkstatusLine" classname="com.heroes.testCases.TC_032_CheckGetRequestwithValidIDaddedWithNumber" time="0"/>
  <testcase name="checkContentLength" classname="com.heroes.testCases.TC_033_CheckPostRequestWithValidIdaddedWithNumber" time="0.001"/>
  <testcase name="checkContentType" classname="com.heroes.testCases.TC_033_CheckPostRequestWithValidIdaddedWithNumber" time="0"/>
  <testcase name="checkResponseTime" classname="com.heroes.testCases.TC_033_CheckPostRequestWithValidIdaddedWithNumber" time="0"/>
  <testcase name="checkResposeBody" classname="com.heroes.testCases.TC_033_CheckPostRequestWithValidIdaddedWithNumber" time="0.001"/>
  <testcase name="checkStatusCode" classname="com.heroes.testCases.TC_033_CheckPostRequestWithValidIdaddedWithNumber" time="0"/>
  <testcase name="checkstatusLine" classname="com.heroes.testCases.TC_033_CheckPostRequestWithValidIdaddedWithNumber" time="0"/>
</testsuite>