<?xml version="1.0" encoding="UTF-8"?>
<!-- Generated by org.testng.reporters.JUnitReportReporter -->
<testsuite skipped="0" hostname="Shaileshs-MacBook-Air.local" name="com.heroes.testCases.TC_032_CheckGetRequestwithValidIDaddedWithCharacter" tests="5" failures="0" timestamp="26 Oct 2020 23:02:44 GMT" time="0.016" errors="0">
  <testcase name="checkstatusLine" time="0.001" classname="com.heroes.testCases.TC_032_CheckGetRequestwithValidIDaddedWithCharacter"/>
  <testcase name="checkResponseTime" time="0.002" classname="com.heroes.testCases.TC_032_CheckGetRequestwithValidIDaddedWithCharacter"/>
  <testcase name="checkContentLength" time="0.007" classname="com.heroes.testCases.TC_032_CheckGetRequestwithValidIDaddedWithCharacter"/>
  <testcase name="checkResposeBody" time="0.004" classname="com.heroes.testCases.TC_032_CheckGetRequestwithValidIDaddedWithCharacter"/>
  <testcase name="checkStatusCode" time="0.002" classname="com.heroes.testCases.TC_032_CheckGetRequestwithValidIDaddedWithCharacter"/>
</testsuite> <!-- com.heroes.testCases.TC_032_CheckGetRequestwithValidIDaddedWithCharacter -->
