<?xml version="1.0" encoding="UTF-8"?>
<!-- Generated by org.testng.reporters.JUnitReportReporter -->
<testsuite skipped="0" hostname="Shaileshs-MacBook-Air.local" name="TC_001_GetSingleHeroDetails" tests="6" failures="0" timestamp="24 Oct 2020 17:51:57 GMT" time="0.038" errors="0">
  <testcase name="checkResponseTime" time="0.002" classname="TC_001_GetSingleHeroDetails"/>
  <testcase name="checkStatusCode" time="0.002" classname="TC_001_GetSingleHeroDetails"/>
  <testcase name="checkContentLength" time="0.007" classname="TC_001_GetSingleHeroDetails"/>
  <testcase name="checkstatusLine" time="0.002" classname="TC_001_GetSingleHeroDetails"/>
  <testcase name="checkContentType" time="0.002" classname="TC_001_GetSingleHeroDetails"/>
  <testcase name="checkResposeBody" time="0.023" classname="TC_001_GetSingleHeroDetails"/>
</testsuite> <!-- TC_001_GetSingleHeroDetails -->
