<?xml version="1.0" encoding="UTF-8"?>
<!-- Generated by org.testng.reporters.JUnitReportReporter -->
<testsuite skipped="0" hostname="Shaileshs-MacBook-Air.local" name="com.heroes.testCases.TC_020_CheckGetMethodforIncorrectID" tests="5" failures="0" timestamp="27 Oct 2020 08:51:39 GMT" time="0.006" errors="0">
  <testcase name="checkResposeBody" time="0.003" classname="com.heroes.testCases.TC_020_CheckGetMethodforIncorrectID"/>
  <testcase name="checkResponseTime" time="0.001" classname="com.heroes.testCases.TC_020_CheckGetMethodforIncorrectID"/>
  <testcase name="checkstatusLine" time="0.000" classname="com.heroes.testCases.TC_020_CheckGetMethodforIncorrectID"/>
  <testcase name="checkContentLength" time="0.001" classname="com.heroes.testCases.TC_020_CheckGetMethodforIncorrectID"/>
  <testcase name="checkStatusCode" time="0.001" classname="com.heroes.testCases.TC_020_CheckGetMethodforIncorrectID"/>
</testsuite> <!-- com.heroes.testCases.TC_020_CheckGetMethodforIncorrectID -->
