<?xml version="1.0" encoding="UTF-8"?>
<!-- Generated by org.testng.reporters.JUnitReportReporter -->
<testsuite skipped="0" hostname="Shaileshs-MacBook-Air.local" name="com.heroes.testCases.TC_033_CheckPostRequestWithValidIdaddedWithNumber" tests="6" failures="0" timestamp="27 Oct 2020 08:51:34 GMT" time="0.003" errors="0">
  <testcase name="checkStatusCode" time="0.000" classname="com.heroes.testCases.TC_033_CheckPostRequestWithValidIdaddedWithNumber"/>
  <testcase name="checkContentType" time="0.001" classname="com.heroes.testCases.TC_033_CheckPostRequestWithValidIdaddedWithNumber"/>
  <testcase name="checkResponseTime" time="0.000" classname="com.heroes.testCases.TC_033_CheckPostRequestWithValidIdaddedWithNumber"/>
  <testcase name="checkstatusLine" time="0.000" classname="com.heroes.testCases.TC_033_CheckPostRequestWithValidIdaddedWithNumber"/>
  <testcase name="checkContentLength" time="0.001" classname="com.heroes.testCases.TC_033_CheckPostRequestWithValidIdaddedWithNumber"/>
  <testcase name="checkResposeBody" time="0.001" classname="com.heroes.testCases.TC_033_CheckPostRequestWithValidIdaddedWithNumber"/>
</testsuite> <!-- com.heroes.testCases.TC_033_CheckPostRequestWithValidIdaddedWithNumber -->
