<?xml version="1.0" encoding="UTF-8"?>
<!-- Generated by org.testng.reporters.JUnitReportReporter -->
<testsuite skipped="0" hostname="Shaileshs-MacBook-Air.local" name="com.heroes.testCases.TC_025_CheckSuccessMessageAfterAddingThreeHeroes" tests="5" failures="0" timestamp="27 Oct 2020 08:53:09 GMT" time="0.004" errors="0">
  <testcase name="checkStatusCode" time="0.000" classname="com.heroes.testCases.TC_025_CheckSuccessMessageAfterAddingThreeHeroes"/>
  <testcase name="checkResponseTime" time="0.001" classname="com.heroes.testCases.TC_025_CheckSuccessMessageAfterAddingThreeHeroes"/>
  <testcase name="checkResposeBody" time="0.001" classname="com.heroes.testCases.TC_025_CheckSuccessMessageAfterAddingThreeHeroes"/>
  <testcase name="checkstatusLine" time="0.001" classname="com.heroes.testCases.TC_025_CheckSuccessMessageAfterAddingThreeHeroes"/>
  <testcase name="checkContentLength" time="0.001" classname="com.heroes.testCases.TC_025_CheckSuccessMessageAfterAddingThreeHeroes"/>
</testsuite> <!-- com.heroes.testCases.TC_025_CheckSuccessMessageAfterAddingThreeHeroes -->
