<?xml version="1.0" encoding="UTF-8"?>
<!-- Generated by org.testng.reporters.JUnitReportReporter -->
<testsuite skipped="0" hostname="Shaileshs-Air" name="com.heroes.testCases.TC_026_CheckPostFunctionalityWithExtracharcter" tests="6" failures="0" timestamp="25 Oct 2020 20:20:11 GMT" time="0.048" errors="0">
  <testcase name="checkContentType" time="0.003" classname="com.heroes.testCases.TC_026_CheckPostFunctionalityWithExtracharcter"/>
  <testcase name="checkResponseTime" time="0.001" classname="com.heroes.testCases.TC_026_CheckPostFunctionalityWithExtracharcter"/>
  <testcase name="checkResposeBody" time="0.035" classname="com.heroes.testCases.TC_026_CheckPostFunctionalityWithExtracharcter"/>
  <testcase name="checkstatusLine" time="0.001" classname="com.heroes.testCases.TC_026_CheckPostFunctionalityWithExtracharcter"/>
  <testcase name="checkContentLength" time="0.007" classname="com.heroes.testCases.TC_026_CheckPostFunctionalityWithExtracharcter"/>
  <testcase name="checkStatusCode" time="0.001" classname="com.heroes.testCases.TC_026_CheckPostFunctionalityWithExtracharcter"/>
</testsuite> <!-- com.heroes.testCases.TC_026_CheckPostFunctionalityWithExtracharcter -->
