<?xml version="1.0" encoding="UTF-8"?>
<!-- Generated by org.testng.reporters.JUnitReportReporter -->
<testsuite skipped="0" hostname="Shaileshs-MacBook-Air.local" name="com.heroes.testCases.TC_003_PostAHeroToFight" tests="6" failures="0" timestamp="01 Jan 2020 02:45:55 GMT" time="0.019" errors="0">
  <testcase name="checkContentType" time="0.002" classname="com.heroes.testCases.TC_003_PostAHeroToFight"/>
  <testcase name="checkContentLength" time="0.010" classname="com.heroes.testCases.TC_003_PostAHeroToFight"/>
  <testcase name="checkResponseTime" time="0.002" classname="com.heroes.testCases.TC_003_PostAHeroToFight"/>
  <testcase name="checkResposeBody" time="0.002" classname="com.heroes.testCases.TC_003_PostAHeroToFight"/>
  <testcase name="checkStatusCode" time="0.002" classname="com.heroes.testCases.TC_003_PostAHeroToFight"/>
  <testcase name="checkstatusLine" time="0.001" classname="com.heroes.testCases.TC_003_PostAHeroToFight"/>
</testsuite> <!-- com.heroes.testCases.TC_003_PostAHeroToFight -->
