<?xml version="1.0" encoding="UTF-8"?>
<!-- Generated by org.testng.reporters.JUnitReportReporter -->
<testsuite skipped="0" hostname="Shaileshs-MacBook-Air.local" name="TC_003_PostAHeroToFight" tests="4" failures="0" timestamp="24 Oct 2020 18:01:08 GMT" time="0.026" errors="0">
  <testcase name="checkContentType" time="0.007" classname="TC_003_PostAHeroToFight"/>
  <testcase name="checkResposeBody" time="0.013" classname="TC_003_PostAHeroToFight"/>
  <testcase name="checkStatusCode" time="0.002" classname="TC_003_PostAHeroToFight"/>
  <testcase name="checkstatusLine" time="0.004" classname="TC_003_PostAHeroToFight"/>
</testsuite> <!-- TC_003_PostAHeroToFight -->
