<?xml version="1.0" encoding="UTF-8"?>
<!-- Generated by org.testng.reporters.JUnitReportReporter -->
<testsuite skipped="0" hostname="Shaileshs-Air" name="com.heroes.testCases.TC_009_CheckAddingMoreThanTwoHeroes" tests="6" failures="0" timestamp="25 Oct 2020 16:45:50 GMT" time="0.041" errors="0">
  <testcase name="checkstatusLine" time="0.002" classname="com.heroes.testCases.TC_009_CheckAddingMoreThanTwoHeroes"/>
  <testcase name="checkResposeBody" time="0.025" classname="com.heroes.testCases.TC_009_CheckAddingMoreThanTwoHeroes"/>
  <testcase name="checkContentType" time="0.002" classname="com.heroes.testCases.TC_009_CheckAddingMoreThanTwoHeroes"/>
  <testcase name="checkContentLength" time="0.007" classname="com.heroes.testCases.TC_009_CheckAddingMoreThanTwoHeroes"/>
  <testcase name="checkStatusCode" time="0.002" classname="com.heroes.testCases.TC_009_CheckAddingMoreThanTwoHeroes"/>
  <testcase name="checkResponseTime" time="0.003" classname="com.heroes.testCases.TC_009_CheckAddingMoreThanTwoHeroes"/>
</testsuite> <!-- com.heroes.testCases.TC_009_CheckAddingMoreThanTwoHeroes -->
