<?xml version="1.0" encoding="UTF-8"?>
<!-- Generated by org.testng.reporters.JUnitReportReporter -->
<testsuite skipped="0" hostname="Shaileshs-MacBook-Air.local" name="com.heroes.testCases.TC_004_PostSecondHeroToFight" tests="6" failures="0" timestamp="01 Jan 2020 02:28:59 GMT" time="0.008" errors="0">
  <testcase name="checkContentType" time="0.002" classname="com.heroes.testCases.TC_004_PostSecondHeroToFight"/>
  <testcase name="checkResposeBody" time="0.001" classname="com.heroes.testCases.TC_004_PostSecondHeroToFight"/>
  <testcase name="checkResponseTime" time="0.002" classname="com.heroes.testCases.TC_004_PostSecondHeroToFight"/>
  <testcase name="checkContentLength" time="0.001" classname="com.heroes.testCases.TC_004_PostSecondHeroToFight"/>
  <testcase name="checkStatusCode" time="0.001" classname="com.heroes.testCases.TC_004_PostSecondHeroToFight"/>
  <testcase name="checkstatusLine" time="0.001" classname="com.heroes.testCases.TC_004_PostSecondHeroToFight"/>
</testsuite> <!-- com.heroes.testCases.TC_004_PostSecondHeroToFight -->
