<?xml version="1.0" encoding="UTF-8"?>
<!-- Generated by org.testng.reporters.JUnitReportReporter -->
<testsuite skipped="0" hostname="Shaileshs-MacBook-Air.local" name="TC_001_GetSingleHeroDetails$TC002_Get_Single_Employee_Recor" tests="6" failures="0" timestamp="24 Oct 2020 17:19:27 GMT" time="0.032" errors="1">
  <testcase name="checkContentType" time="0.009" classname="TC_001_GetSingleHeroDetails$TC002_Get_Single_Employee_Recor"/>
  <testcase name="checkstatusLine" time="0.002" classname="TC_001_GetSingleHeroDetails$TC002_Get_Single_Employee_Recor"/>
  <testcase name="checkResponseTime" time="0.002" classname="TC_001_GetSingleHeroDetails$TC002_Get_Single_Employee_Recor"/>
  <testcase name="checkContentLength" time="0.015" classname="TC_001_GetSingleHeroDetails$TC002_Get_Single_Employee_Recor"/>
  <testcase name="checkResposeBody" time="0.003" classname="TC_001_GetSingleHeroDetails$TC002_Get_Single_Employee_Recor">
    <error type="java.lang.Error" message="Unresolved compilation problem: 
	id cannot be resolved to a variable
">
      <![CDATA[java.lang.Error: Unresolved compilation problem: 
id cannot be resolved to a variable

at TC_001_GetSingleHeroDetails$TC002_Get_Single_Employee_Recor.checkResposeBody(TC_001_GetSingleHeroDetails.java:34)
at sun.reflect.NativeMethodAccessorImpl.invoke0(Native Method)
at sun.reflect.NativeMethodAccessorImpl.invoke(NativeMethodAccessorImpl.java:62)
at sun.reflect.DelegatingMethodAccessorImpl.invoke(DelegatingMethodAccessorImpl.java:43)
at java.lang.reflect.Method.invoke(Method.java:498)
at org.testng.internal.MethodInvocationHelper.invokeMethod(MethodInvocationHelper.java:124)
at org.testng.internal.Invoker.invokeMethod(Invoker.java:583)
at org.testng.internal.Invoker.invokeTestMethod(Invoker.java:719)
at org.testng.internal.Invoker.invokeTestMethods(Invoker.java:989)
at org.testng.internal.TestMethodWorker.invokeTestMethods(TestMethodWorker.java:125)
at org.testng.internal.TestMethodWorker.run(TestMethodWorker.java:109)
at org.testng.TestRunner.privateRun(TestRunner.java:648)
at org.testng.TestRunner.run(TestRunner.java:505)
at org.testng.SuiteRunner.runTest(SuiteRunner.java:455)
at org.testng.SuiteRunner.runSequentially(SuiteRunner.java:450)
at org.testng.SuiteRunner.privateRun(SuiteRunner.java:415)
at org.testng.SuiteRunner.run(SuiteRunner.java:364)
at org.testng.SuiteRunnerWorker.runSuite(SuiteRunnerWorker.java:52)
at org.testng.SuiteRunnerWorker.run(SuiteRunnerWorker.java:84)
at org.testng.TestNG.runSuitesSequentially(TestNG.java:1208)
at org.testng.TestNG.runSuitesLocally(TestNG.java:1137)
at org.testng.TestNG.runSuites(TestNG.java:1049)
at org.testng.TestNG.run(TestNG.java:1017)
at org.testng.remote.AbstractRemoteTestNG.run(AbstractRemoteTestNG.java:114)
at org.testng.remote.RemoteTestNG.initAndRun(RemoteTestNG.java:251)
at org.testng.remote.RemoteTestNG.main(RemoteTestNG.java:77)
]]>
    </error>
  </testcase> <!-- checkResposeBody -->
  <testcase name="checkStatusCode" time="0.001" classname="TC_001_GetSingleHeroDetails$TC002_Get_Single_Employee_Recor"/>
</testsuite> <!-- TC_001_GetSingleHeroDetails$TC002_Get_Single_Employee_Recor -->
