<?xml version="1.0" encoding="UTF-8"?>
<!-- Generated by org.testng.reporters.JUnitReportReporter -->
<testsuite skipped="0" hostname="Shaileshs-MacBook-Air.local" name="com.heroes.testCases.TC_024_CheckSuccessMessageAfterAddingTwoHeroes" tests="6" failures="0" timestamp="27 Oct 2020 08:51:54 GMT" time="0.006" errors="0">
  <testcase name="checkResponseTime" time="0.001" classname="com.heroes.testCases.TC_024_CheckSuccessMessageAfterAddingTwoHeroes"/>
  <testcase name="checkContentLength" time="0.001" classname="com.heroes.testCases.TC_024_CheckSuccessMessageAfterAddingTwoHeroes"/>
  <testcase name="checkStatusCode" time="0.001" classname="com.heroes.testCases.TC_024_CheckSuccessMessageAfterAddingTwoHeroes"/>
  <testcase name="checkResposeBody" time="0.001" classname="com.heroes.testCases.TC_024_CheckSuccessMessageAfterAddingTwoHeroes"/>
  <testcase name="checkstatusLine" time="0.001" classname="com.heroes.testCases.TC_024_CheckSuccessMessageAfterAddingTwoHeroes"/>
  <testcase name="checkContentType" time="0.001" classname="com.heroes.testCases.TC_024_CheckSuccessMessageAfterAddingTwoHeroes"/>
</testsuite> <!-- com.heroes.testCases.TC_024_CheckSuccessMessageAfterAddingTwoHeroes -->
