<?xml version="1.0" encoding="UTF-8"?>
<!-- Generated by org.testng.reporters.JUnitReportReporter -->
<testsuite skipped="0" hostname="Shaileshs-MacBook-Air.local" name="TC_005_PostRequestMakeThemFight" tests="4" failures="0" timestamp="24 Oct 2020 18:01:54 GMT" time="0.027" errors="0">
  <testcase name="checkContentType" time="0.008" classname="TC_005_PostRequestMakeThemFight"/>
  <testcase name="checkStatusCode" time="0.003" classname="TC_005_PostRequestMakeThemFight"/>
  <testcase name="checkResposeBody" time="0.015" classname="TC_005_PostRequestMakeThemFight"/>
  <testcase name="checkstatusLine" time="0.001" classname="TC_005_PostRequestMakeThemFight"/>
</testsuite> <!-- TC_005_PostRequestMakeThemFight -->
