<?xml version="1.0" encoding="UTF-8"?>
<!-- Generated by org.testng.reporters.JUnitReportReporter -->
<testsuite skipped="0" hostname="Shaileshs-MacBook-Air.local" name="com.heroes.testCases.TC_020_CheckTokenAuthenticationValid" tests="6" failures="0" timestamp="01 Jan 2020 00:44:03 GMT" time="0.037" errors="0">
  <testcase name="checkResponseTime" time="0.003" classname="com.heroes.testCases.TC_020_CheckTokenAuthenticationValid"/>
  <testcase name="checkContentLength" time="0.011" classname="com.heroes.testCases.TC_020_CheckTokenAuthenticationValid"/>
  <testcase name="checkstatusLine" time="0.005" classname="com.heroes.testCases.TC_020_CheckTokenAuthenticationValid"/>
  <testcase name="checkStatusCode" time="0.005" classname="com.heroes.testCases.TC_020_CheckTokenAuthenticationValid"/>
  <testcase name="checkContentType" time="0.008" classname="com.heroes.testCases.TC_020_CheckTokenAuthenticationValid"/>
  <testcase name="checkResposeBody" time="0.005" classname="com.heroes.testCases.TC_020_CheckTokenAuthenticationValid"/>
</testsuite> <!-- com.heroes.testCases.TC_020_CheckTokenAuthenticationValid -->
