<?xml version="1.0" encoding="UTF-8"?>
<!-- Generated by org.testng.reporters.JUnitReportReporter -->
<testsuite skipped="0" hostname="Shaileshs-MacBook-Air.local" name="com.heroes.testCases.TC_017_CheckPostforInvaildNotinList" tests="6" failures="0" timestamp="25 Oct 2020 19:04:24 GMT" time="0.014" errors="0">
  <testcase name="checkContentLength" time="0.002" classname="com.heroes.testCases.TC_017_CheckPostforInvaildNotinList"/>
  <testcase name="checkResposeBody" time="0.005" classname="com.heroes.testCases.TC_017_CheckPostforInvaildNotinList"/>
  <testcase name="checkResponseTime" time="0.001" classname="com.heroes.testCases.TC_017_CheckPostforInvaildNotinList"/>
  <testcase name="checkStatusCode" time="0.004" classname="com.heroes.testCases.TC_017_CheckPostforInvaildNotinList"/>
  <testcase name="checkContentType" time="0.001" classname="com.heroes.testCases.TC_017_CheckPostforInvaildNotinList"/>
  <testcase name="checkstatusLine" time="0.001" classname="com.heroes.testCases.TC_017_CheckPostforInvaildNotinList"/>
</testsuite> <!-- com.heroes.testCases.TC_017_CheckPostforInvaildNotinList -->
