<?xml version="1.0" encoding="UTF-8"?>
<!-- Generated by org.testng.reporters.JUnitReportReporter -->
<testsuite skipped="0" hostname="Shaileshs-MacBook-Air.local" name="com.heroes.testCases.TC_001_CheckGetAllHeroDetails" tests="6" failures="0" timestamp="27 Oct 2020 08:53:04 GMT" time="0.021" errors="0">
  <testcase name="checkContentType" time="0.001" classname="com.heroes.testCases.TC_001_CheckGetAllHeroDetails"/>
  <testcase name="checkResposeBody" time="0.002" classname="com.heroes.testCases.TC_001_CheckGetAllHeroDetails"/>
  <testcase name="checkResponseTime" time="0.006" classname="com.heroes.testCases.TC_001_CheckGetAllHeroDetails"/>
  <testcase name="checkStatusCode" time="0.001" classname="com.heroes.testCases.TC_001_CheckGetAllHeroDetails"/>
  <testcase name="checkContentLength" time="0.010" classname="com.heroes.testCases.TC_001_CheckGetAllHeroDetails"/>
  <testcase name="checkstatusLine" time="0.001" classname="com.heroes.testCases.TC_001_CheckGetAllHeroDetails"/>
</testsuite> <!-- com.heroes.testCases.TC_001_CheckGetAllHeroDetails -->
