<?xml version="1.0" encoding="UTF-8"?>
<!-- Generated by org.testng.reporters.JUnitReportReporter -->
<testsuite skipped="0" hostname="Shaileshs-MacBook-Air.local" name="com.heroes.testCases.TC_019_CheckAuthenticationWithInvalidToken" tests="3" failures="0" timestamp="25 Oct 2020 19:04:49 GMT" time="0.003" errors="0">
  <testcase name="checkResposeBody" time="0.001" classname="com.heroes.testCases.TC_019_CheckAuthenticationWithInvalidToken"/>
  <testcase name="checkstatusLine" time="0.001" classname="com.heroes.testCases.TC_019_CheckAuthenticationWithInvalidToken"/>
  <testcase name="checkStatusCode" time="0.001" classname="com.heroes.testCases.TC_019_CheckAuthenticationWithInvalidToken"/>
</testsuite> <!-- com.heroes.testCases.TC_019_CheckAuthenticationWithInvalidToken -->
