<?xml version="1.0" encoding="UTF-8"?>
<!-- Generated by org.testng.reporters.JUnitReportReporter -->
<testsuite skipped="0" hostname="Shaileshs-MacBook-Air.local" name="TC_006_Delete_ResetFight" tests="4" failures="0" timestamp="24 Oct 2020 18:09:18 GMT" time="0.026" errors="0">
  <testcase name="checkResposeBody" time="0.013" classname="TC_006_Delete_ResetFight"/>
  <testcase name="checkStatusCode" time="0.002" classname="TC_006_Delete_ResetFight"/>
  <testcase name="checkstatusLine" time="0.004" classname="TC_006_Delete_ResetFight"/>
  <testcase name="checkContentType" time="0.007" classname="TC_006_Delete_ResetFight"/>
</testsuite> <!-- TC_006_Delete_ResetFight -->
