<?xml version="1.0" encoding="UTF-8"?>
<!-- Generated by org.testng.reporters.JUnitReportReporter -->
<testsuite skipped="0" hostname="Shaileshs-MacBook-Air.local" name="com.heroes.testCases.TC_006_CheckDeleteResetFight" tests="6" failures="0" timestamp="27 Oct 2020 08:52:59 GMT" time="0.012" errors="0">
  <testcase name="checkStatusCode" time="0.004" classname="com.heroes.testCases.TC_006_CheckDeleteResetFight"/>
  <testcase name="checkResponseTime" time="0.001" classname="com.heroes.testCases.TC_006_CheckDeleteResetFight"/>
  <testcase name="checkContentLength" time="0.003" classname="com.heroes.testCases.TC_006_CheckDeleteResetFight"/>
  <testcase name="checkstatusLine" time="0.001" classname="com.heroes.testCases.TC_006_CheckDeleteResetFight"/>
  <testcase name="checkResposeBody" time="0.001" classname="com.heroes.testCases.TC_006_CheckDeleteResetFight"/>
  <testcase name="checkContentType" time="0.002" classname="com.heroes.testCases.TC_006_CheckDeleteResetFight"/>
</testsuite> <!-- com.heroes.testCases.TC_006_CheckDeleteResetFight -->
