<?xml version="1.0" encoding="UTF-8"?>
<!-- Generated by org.testng.reporters.JUnitReportReporter -->
<testsuite skipped="0" hostname="Shaileshs-MacBook-Air.local" name="com.heroes.testCases.TC_030_CheckFightBetweemThreeHeroesInDescOrder" tests="6" failures="0" timestamp="27 Oct 2020 05:42:18 GMT" time="0.038" errors="0">
  <testcase name="checkStatusCode" time="0.001" classname="com.heroes.testCases.TC_030_CheckFightBetweemThreeHeroesInDescOrder"/>
  <testcase name="checkResponseTime" time="0.004" classname="com.heroes.testCases.TC_030_CheckFightBetweemThreeHeroesInDescOrder"/>
  <testcase name="checkContentLength" time="0.017" classname="com.heroes.testCases.TC_030_CheckFightBetweemThreeHeroesInDescOrder"/>
  <testcase name="checkContentType" time="0.012" classname="com.heroes.testCases.TC_030_CheckFightBetweemThreeHeroesInDescOrder"/>
  <testcase name="checkResposeBody" time="0.002" classname="com.heroes.testCases.TC_030_CheckFightBetweemThreeHeroesInDescOrder"/>
  <testcase name="checkstatusLine" time="0.002" classname="com.heroes.testCases.TC_030_CheckFightBetweemThreeHeroesInDescOrder"/>
</testsuite> <!-- com.heroes.testCases.TC_030_CheckFightBetweemThreeHeroesInDescOrder -->
