<?xml version="1.0" encoding="UTF-8"?>
<!-- Generated by org.testng.reporters.JUnitReportReporter -->
<testsuite skipped="0" hostname="Shaileshs-MacBook-Air.local" name="com.heroes.testCases.TC_006_Delete_ResetFight" tests="6" failures="0" timestamp="01 Jan 2020 03:14:26 GMT" time="0.024" errors="0">
  <testcase name="checkstatusLine" time="0.004" classname="com.heroes.testCases.TC_006_Delete_ResetFight"/>
  <testcase name="checkResposeBody" time="0.002" classname="com.heroes.testCases.TC_006_Delete_ResetFight"/>
  <testcase name="checkResponseTime" time="0.004" classname="com.heroes.testCases.TC_006_Delete_ResetFight"/>
  <testcase name="checkContentLength" time="0.011" classname="com.heroes.testCases.TC_006_Delete_ResetFight"/>
  <testcase name="checkStatusCode" time="0.001" classname="com.heroes.testCases.TC_006_Delete_ResetFight"/>
  <testcase name="checkContentType" time="0.002" classname="com.heroes.testCases.TC_006_Delete_ResetFight"/>
</testsuite> <!-- com.heroes.testCases.TC_006_Delete_ResetFight -->
