<?xml version="1.0" encoding="UTF-8"?>
<!-- Generated by org.testng.reporters.JUnitReportReporter -->
<testsuite skipped="0" hostname="Shaileshs-Air" name="com.heroes.testCases.TC_021_CheckGetMethodFromIncorrectPath" tests="6" failures="0" timestamp="25 Oct 2020 19:45:30 GMT" time="0.042" errors="0">
  <testcase name="checkContentType" time="0.002" classname="com.heroes.testCases.TC_021_CheckGetMethodFromIncorrectPath"/>
  <testcase name="checkstatusLine" time="0.002" classname="com.heroes.testCases.TC_021_CheckGetMethodFromIncorrectPath"/>
  <testcase name="checkResponseTime" time="0.002" classname="com.heroes.testCases.TC_021_CheckGetMethodFromIncorrectPath"/>
  <testcase name="checkContentLength" time="0.007" classname="com.heroes.testCases.TC_021_CheckGetMethodFromIncorrectPath"/>
  <testcase name="checkStatusCode" time="0.003" classname="com.heroes.testCases.TC_021_CheckGetMethodFromIncorrectPath"/>
  <testcase name="checkResposeBody" time="0.026" classname="com.heroes.testCases.TC_021_CheckGetMethodFromIncorrectPath"/>
</testsuite> <!-- com.heroes.testCases.TC_021_CheckGetMethodFromIncorrectPath -->
