<?xml version="1.0" encoding="UTF-8"?>
<!-- Generated by org.testng.reporters.JUnitReportReporter -->
<testsuite skipped="0" hostname="Shaileshs-MacBook-Air.local" name="com.heroes.testCases.TC_001_GetSingleHeroDetails" tests="6" failures="0" timestamp="25 Oct 2020 08:30:04 GMT" time="0.066" errors="0">
  <testcase name="checkStatusCode" time="0.005" classname="com.heroes.testCases.TC_001_GetSingleHeroDetails"/>
  <testcase name="checkContentType" time="0.002" classname="com.heroes.testCases.TC_001_GetSingleHeroDetails"/>
  <testcase name="checkResponseTime" time="0.003" classname="com.heroes.testCases.TC_001_GetSingleHeroDetails"/>
  <testcase name="checkResposeBody" time="0.047" classname="com.heroes.testCases.TC_001_GetSingleHeroDetails"/>
  <testcase name="checkContentLength" time="0.008" classname="com.heroes.testCases.TC_001_GetSingleHeroDetails"/>
  <testcase name="checkstatusLine" time="0.001" classname="com.heroes.testCases.TC_001_GetSingleHeroDetails"/>
</testsuite> <!-- com.heroes.testCases.TC_001_GetSingleHeroDetails -->
