<?xml version="1.0" encoding="UTF-8"?>
<!-- Generated by org.testng.reporters.JUnitReportReporter -->
<testsuite skipped="0" hostname="Shaileshs-MacBook-Air.local" name="com.heroes.testCases.TC_001_GetAllHeroDetails" tests="6" failures="0" timestamp="01 Jan 2020 02:30:24 GMT" time="0.020" errors="0">
  <testcase name="checkStatusCode" time="0.002" classname="com.heroes.testCases.TC_001_GetAllHeroDetails"/>
  <testcase name="checkResposeBody" time="0.002" classname="com.heroes.testCases.TC_001_GetAllHeroDetails"/>
  <testcase name="checkContentLength" time="0.008" classname="com.heroes.testCases.TC_001_GetAllHeroDetails"/>
  <testcase name="checkResponseTime" time="0.005" classname="com.heroes.testCases.TC_001_GetAllHeroDetails"/>
  <testcase name="checkstatusLine" time="0.001" classname="com.heroes.testCases.TC_001_GetAllHeroDetails"/>
  <testcase name="checkContentType" time="0.002" classname="com.heroes.testCases.TC_001_GetAllHeroDetails"/>
</testsuite> <!-- com.heroes.testCases.TC_001_GetAllHeroDetails -->
