<?xml version="1.0" encoding="UTF-8"?>
<!-- Generated by org.testng.reporters.JUnitReportReporter -->
<testsuite skipped="0" hostname="Shaileshs-MacBook-Air.local" name="com.heroes.testCases.TC_002_CheckGetSingleHero" tests="6" failures="0" timestamp="27 Oct 2020 08:50:54 GMT" time="0.009" errors="0">
  <testcase name="checkResposeBody" time="0.001" classname="com.heroes.testCases.TC_002_CheckGetSingleHero"/>
  <testcase name="checkResponseTime" time="0.004" classname="com.heroes.testCases.TC_002_CheckGetSingleHero"/>
  <testcase name="checkstatusLine" time="0.001" classname="com.heroes.testCases.TC_002_CheckGetSingleHero"/>
  <testcase name="checkContentType" time="0.001" classname="com.heroes.testCases.TC_002_CheckGetSingleHero"/>
  <testcase name="checkContentLength" time="0.001" classname="com.heroes.testCases.TC_002_CheckGetSingleHero"/>
  <testcase name="checkStatusCode" time="0.001" classname="com.heroes.testCases.TC_002_CheckGetSingleHero"/>
</testsuite> <!-- com.heroes.testCases.TC_002_CheckGetSingleHero -->
