<?xml version="1.0" encoding="UTF-8"?>
<!-- Generated by org.testng.reporters.JUnitReportReporter -->
<testsuite skipped="0" hostname="Shaileshs-MacBook-Air.local" name="com.heroes.testCases.TC_005_CheckPostRequestMakeThemFight" tests="6" failures="0" timestamp="27 Oct 2020 08:52:39 GMT" time="0.011" errors="0">
  <testcase name="checkResponseTime" time="0.001" classname="com.heroes.testCases.TC_005_CheckPostRequestMakeThemFight"/>
  <testcase name="checkContentLength" time="0.001" classname="com.heroes.testCases.TC_005_CheckPostRequestMakeThemFight"/>
  <testcase name="checkStatusCode" time="0.001" classname="com.heroes.testCases.TC_005_CheckPostRequestMakeThemFight"/>
  <testcase name="checkstatusLine" time="0.005" classname="com.heroes.testCases.TC_005_CheckPostRequestMakeThemFight"/>
  <testcase name="checkResposeBody" time="0.002" classname="com.heroes.testCases.TC_005_CheckPostRequestMakeThemFight"/>
  <testcase name="checkContentType" time="0.001" classname="com.heroes.testCases.TC_005_CheckPostRequestMakeThemFight"/>
</testsuite> <!-- com.heroes.testCases.TC_005_CheckPostRequestMakeThemFight -->
