<?xml version="1.0" encoding="UTF-8"?>
<!-- Generated by org.testng.reporters.JUnitReportReporter -->
<testsuite skipped="0" hostname="Shaileshs-MacBook-Air.local" name="TC_002_GetSingleHero" tests="6" failures="0" timestamp="24 Oct 2020 17:29:37 GMT" time="0.048" errors="0">
  <testcase name="checkstatusLine" time="0.003" classname="TC_002_GetSingleHero"/>
  <testcase name="checkResposeBody" time="0.029" classname="TC_002_GetSingleHero"/>
  <testcase name="checkContentLength" time="0.007" classname="TC_002_GetSingleHero"/>
  <testcase name="checkContentType" time="0.005" classname="TC_002_GetSingleHero"/>
  <testcase name="checkResponseTime" time="0.002" classname="TC_002_GetSingleHero"/>
  <testcase name="checkStatusCode" time="0.002" classname="TC_002_GetSingleHero"/>
</testsuite> <!-- TC_002_GetSingleHero -->
