<?xml version="1.0" encoding="UTF-8"?>
<!-- Generated by org.testng.reporters.JUnitReportReporter -->
<testsuite skipped="0" hostname="Shaileshs-MacBook-Air.local" name="com.heroes.testCases.TC_009_CheckAddingSameHeroTwice" tests="6" failures="0" timestamp="25 Oct 2020 19:02:14 GMT" time="0.025" errors="0">
  <testcase name="checkResponseTime" time="0.002" classname="com.heroes.testCases.TC_009_CheckAddingSameHeroTwice"/>
  <testcase name="checkResposeBody" time="0.011" classname="com.heroes.testCases.TC_009_CheckAddingSameHeroTwice"/>
  <testcase name="checkContentLength" time="0.006" classname="com.heroes.testCases.TC_009_CheckAddingSameHeroTwice"/>
  <testcase name="checkContentType" time="0.002" classname="com.heroes.testCases.TC_009_CheckAddingSameHeroTwice"/>
  <testcase name="checkStatusCode" time="0.002" classname="com.heroes.testCases.TC_009_CheckAddingSameHeroTwice"/>
  <testcase name="checkstatusLine" time="0.002" classname="com.heroes.testCases.TC_009_CheckAddingSameHeroTwice"/>
</testsuite> <!-- com.heroes.testCases.TC_009_CheckAddingSameHeroTwice -->
