<?xml version="1.0" encoding="UTF-8"?>
<!-- Generated by org.testng.reporters.JUnitReportReporter -->
<testsuite skipped="0" hostname="Shaileshs-MacBook-Air.local" name="com.heroes.testCases.TC_007_CheckFightWithoutAddingHeroes" tests="6" failures="0" timestamp="27 Oct 2020 08:52:54 GMT" time="0.014" errors="0">
  <testcase name="checkStatusCode" time="0.008" classname="com.heroes.testCases.TC_007_CheckFightWithoutAddingHeroes"/>
  <testcase name="checkContentType" time="0.001" classname="com.heroes.testCases.TC_007_CheckFightWithoutAddingHeroes"/>
  <testcase name="checkResposeBody" time="0.002" classname="com.heroes.testCases.TC_007_CheckFightWithoutAddingHeroes"/>
  <testcase name="checkstatusLine" time="0.000" classname="com.heroes.testCases.TC_007_CheckFightWithoutAddingHeroes"/>
  <testcase name="checkContentLength" time="0.001" classname="com.heroes.testCases.TC_007_CheckFightWithoutAddingHeroes"/>
  <testcase name="checkResponseTime" time="0.002" classname="com.heroes.testCases.TC_007_CheckFightWithoutAddingHeroes"/>
</testsuite> <!-- com.heroes.testCases.TC_007_CheckFightWithoutAddingHeroes -->
