<?xml version="1.0" encoding="UTF-8"?>
<!-- Generated by org.testng.reporters.JUnitReportReporter -->
<testsuite skipped="0" hostname="Shaileshs-MacBook-Air.local" name="com.heroes.testCases.TC_021_CheckForPostHeroWithSpecialCharacter" tests="6" failures="0" timestamp="01 Jan 2020 00:36:03 GMT" time="0.025" errors="0">
  <testcase name="checkResposeBody" time="0.002" classname="com.heroes.testCases.TC_021_CheckForPostHeroWithSpecialCharacter"/>
  <testcase name="checkstatusLine" time="0.006" classname="com.heroes.testCases.TC_021_CheckForPostHeroWithSpecialCharacter"/>
  <testcase name="checkContentType" time="0.001" classname="com.heroes.testCases.TC_021_CheckForPostHeroWithSpecialCharacter"/>
  <testcase name="checkContentLength" time="0.010" classname="com.heroes.testCases.TC_021_CheckForPostHeroWithSpecialCharacter"/>
  <testcase name="checkResponseTime" time="0.003" classname="com.heroes.testCases.TC_021_CheckForPostHeroWithSpecialCharacter"/>
  <testcase name="checkStatusCode" time="0.003" classname="com.heroes.testCases.TC_021_CheckForPostHeroWithSpecialCharacter"/>
</testsuite> <!-- com.heroes.testCases.TC_021_CheckForPostHeroWithSpecialCharacter -->
