<?xml version="1.0" encoding="UTF-8"?>
<!-- Generated by org.testng.reporters.JUnitReportReporter -->
<testsuite skipped="0" hostname="Shaileshs-MacBook-Air.local" name="com.heroes.testCases.TC_009_CheckAddingThreeHeroes" tests="6" failures="0" timestamp="27 Oct 2020 08:51:24 GMT" time="0.007" errors="0">
  <testcase name="checkResposeBody" time="0.002" classname="com.heroes.testCases.TC_009_CheckAddingThreeHeroes"/>
  <testcase name="checkResponseTime" time="0.001" classname="com.heroes.testCases.TC_009_CheckAddingThreeHeroes"/>
  <testcase name="checkContentLength" time="0.001" classname="com.heroes.testCases.TC_009_CheckAddingThreeHeroes"/>
  <testcase name="checkstatusLine" time="0.002" classname="com.heroes.testCases.TC_009_CheckAddingThreeHeroes"/>
  <testcase name="checkContentType" time="0.001" classname="com.heroes.testCases.TC_009_CheckAddingThreeHeroes"/>
  <testcase name="checkStatusCode" time="0.000" classname="com.heroes.testCases.TC_009_CheckAddingThreeHeroes"/>
</testsuite> <!-- com.heroes.testCases.TC_009_CheckAddingThreeHeroes -->
