<?xml version="1.0" encoding="UTF-8"?>
<!-- Generated by org.testng.reporters.JUnitReportReporter -->
<testsuite skipped="0" hostname="Shaileshs-MacBook-Air.local" name="com.heroes.testCases.TC_019_CheckFightbetweenTwoResultHigherpowerlevelWins" tests="6" failures="0" timestamp="27 Oct 2020 05:48:49 GMT" time="0.000" errors="0">
  <testcase name="checkstatusLine" time="0.000" classname="com.heroes.testCases.TC_019_CheckFightbetweenTwoResultHigherpowerlevelWins"/>
  <testcase name="checkContentLength" time="0.000" classname="com.heroes.testCases.TC_019_CheckFightbetweenTwoResultHigherpowerlevelWins"/>
  <testcase name="checkResposeBody" time="0.000" classname="com.heroes.testCases.TC_019_CheckFightbetweenTwoResultHigherpowerlevelWins"/>
  <testcase name="checkStatusCode" time="0.000" classname="com.heroes.testCases.TC_019_CheckFightbetweenTwoResultHigherpowerlevelWins"/>
  <testcase name="checkResponseTime" time="0.000" classname="com.heroes.testCases.TC_019_CheckFightbetweenTwoResultHigherpowerlevelWins"/>
  <testcase name="checkContentType" time="0.000" classname="com.heroes.testCases.TC_019_CheckFightbetweenTwoResultHigherpowerlevelWins"/>
</testsuite> <!-- com.heroes.testCases.TC_019_CheckFightbetweenTwoResultHigherpowerlevelWins -->
