<?xml version="1.0" encoding="UTF-8"?>
<!-- Generated by org.testng.reporters.JUnitReportReporter -->
<testsuite skipped="0" hostname="Shaileshs-MacBook-Air.local" name="com.heroes.testCases.TC_011_CheckAddingTwoHeroInASCPowerLevel" tests="6" failures="0" timestamp="27 Oct 2020 05:50:19 GMT" time="0.004" errors="0">
  <testcase name="checkContentType" time="0.000" classname="com.heroes.testCases.TC_011_CheckAddingTwoHeroInASCPowerLevel"/>
  <testcase name="checkStatusCode" time="0.000" classname="com.heroes.testCases.TC_011_CheckAddingTwoHeroInASCPowerLevel"/>
  <testcase name="checkstatusLine" time="0.000" classname="com.heroes.testCases.TC_011_CheckAddingTwoHeroInASCPowerLevel"/>
  <testcase name="checkResposeBody" time="0.000" classname="com.heroes.testCases.TC_011_CheckAddingTwoHeroInASCPowerLevel"/>
  <testcase name="checkResponseTime" time="0.000" classname="com.heroes.testCases.TC_011_CheckAddingTwoHeroInASCPowerLevel"/>
  <testcase name="checkContentLength" time="0.004" classname="com.heroes.testCases.TC_011_CheckAddingTwoHeroInASCPowerLevel"/>
</testsuite> <!-- com.heroes.testCases.TC_011_CheckAddingTwoHeroInASCPowerLevel -->
