<?xml version="1.0" encoding="UTF-8"?>
<!-- Generated by org.testng.reporters.JUnitReportReporter -->
<testsuite skipped="0" hostname="Shaileshs-MacBook-Air.local" name="com.heroes.testCases.TC_014_CheckAddingThreeHeroesInAscOrderPowerLevel" tests="6" failures="0" timestamp="27 Oct 2020 05:50:04 GMT" time="0.001" errors="0">
  <testcase name="checkStatusCode" time="0.000" classname="com.heroes.testCases.TC_014_CheckAddingThreeHeroesInAscOrderPowerLevel"/>
  <testcase name="checkResposeBody" time="0.001" classname="com.heroes.testCases.TC_014_CheckAddingThreeHeroesInAscOrderPowerLevel"/>
  <testcase name="checkContentType" time="0.000" classname="com.heroes.testCases.TC_014_CheckAddingThreeHeroesInAscOrderPowerLevel"/>
  <testcase name="checkstatusLine" time="0.000" classname="com.heroes.testCases.TC_014_CheckAddingThreeHeroesInAscOrderPowerLevel"/>
  <testcase name="checkResponseTime" time="0.000" classname="com.heroes.testCases.TC_014_CheckAddingThreeHeroesInAscOrderPowerLevel"/>
  <testcase name="checkContentLength" time="0.000" classname="com.heroes.testCases.TC_014_CheckAddingThreeHeroesInAscOrderPowerLevel"/>
</testsuite> <!-- com.heroes.testCases.TC_014_CheckAddingThreeHeroesInAscOrderPowerLevel -->
