<?xml version="1.0" encoding="UTF-8"?>
<!-- Generated by org.testng.reporters.JUnitReportReporter -->
<testsuite skipped="0" hostname="Shaileshs-MacBook-Air.local" name="com.heroes.testCases.TC_022_CheckGetRequestWithExtraspace" tests="6" failures="0" timestamp="27 Oct 2020 05:49:54 GMT" time="0.058" errors="0">
  <testcase name="checkstatusLine" time="0.000" classname="com.heroes.testCases.TC_022_CheckGetRequestWithExtraspace"/>
  <testcase name="checkResponseTime" time="0.004" classname="com.heroes.testCases.TC_022_CheckGetRequestWithExtraspace"/>
  <testcase name="checkStatusCode" time="0.001" classname="com.heroes.testCases.TC_022_CheckGetRequestWithExtraspace"/>
  <testcase name="checkResposeBody" time="0.053" classname="com.heroes.testCases.TC_022_CheckGetRequestWithExtraspace"/>
  <testcase name="checkContentType" time="0.000" classname="com.heroes.testCases.TC_022_CheckGetRequestWithExtraspace"/>
  <testcase name="checkContentLength" time="0.000" classname="com.heroes.testCases.TC_022_CheckGetRequestWithExtraspace"/>
</testsuite> <!-- com.heroes.testCases.TC_022_CheckGetRequestWithExtraspace -->
