<?xml version="1.0" encoding="UTF-8"?>
<!-- Generated by org.testng.reporters.JUnitReportReporter -->
<testsuite skipped="0" hostname="Shaileshs-MacBook-Air.local" name="com.heroes.testCases.TC_032_CheckGetRequestwithValidIDaddedWithNumber" tests="5" failures="0" timestamp="27 Oct 2020 05:49:19 GMT" time="0.000" errors="0">
  <testcase name="checkResposeBody" time="0.000" classname="com.heroes.testCases.TC_032_CheckGetRequestwithValidIDaddedWithNumber"/>
  <testcase name="checkResponseTime" time="0.000" classname="com.heroes.testCases.TC_032_CheckGetRequestwithValidIDaddedWithNumber"/>
  <testcase name="checkStatusCode" time="0.000" classname="com.heroes.testCases.TC_032_CheckGetRequestwithValidIDaddedWithNumber"/>
  <testcase name="checkstatusLine" time="0.000" classname="com.heroes.testCases.TC_032_CheckGetRequestwithValidIDaddedWithNumber"/>
  <testcase name="checkContentLength" time="0.000" classname="com.heroes.testCases.TC_032_CheckGetRequestwithValidIDaddedWithNumber"/>
</testsuite> <!-- com.heroes.testCases.TC_032_CheckGetRequestwithValidIDaddedWithNumber -->
