<?xml version="1.0" encoding="UTF-8"?>
<!-- Generated by org.testng.reporters.JUnitReportReporter -->
<testsuite skipped="0" hostname="Shaileshs-MacBook-Air.local" name="com.heroes.testCases.TC_026_CheckAuthenticationFailureWithInvalidToken" tests="3" failures="0" timestamp="27 Oct 2020 05:49:34 GMT" time="0.000" errors="0">
  <testcase name="checkstatusLine" time="0.000" classname="com.heroes.testCases.TC_026_CheckAuthenticationFailureWithInvalidToken"/>
  <testcase name="checkResposeBody" time="0.000" classname="com.heroes.testCases.TC_026_CheckAuthenticationFailureWithInvalidToken"/>
  <testcase name="checkStatusCode" time="0.000" classname="com.heroes.testCases.TC_026_CheckAuthenticationFailureWithInvalidToken"/>
</testsuite> <!-- com.heroes.testCases.TC_026_CheckAuthenticationFailureWithInvalidToken -->
